<?xml version="1.0" encoding="UTF-8"?>
<!-- Generated by org.testng.reporters.JUnitXMLReporter -->
<testsuite hostname="Dell-PC" ignored="1" name="Test" tests="2" failures="0" timestamp="22 Sep 2019 07:11:07 GMT" time="0.067" errors="0">
  <testcase name="test2" time="0.019" classname="testAPIs.LearnGroup"/>
  <testcase name="test3" time="0.002" classname="testAPIs.LearnGroup"/>
  <testcase name="test1" time="0.0" classname="testAPIs.LearnGroup">
    <ignored/>
  </testcase> <!-- test1 -->
</testsuite> <!-- Test -->
