<?xml version="1.0" encoding="UTF-8"?>
<!-- Generated by org.testng.reporters.JUnitXMLReporter -->
<testsuite hostname="Dell-PC" ignored="0" name="Module 1" tests="6" failures="0" timestamp="01 Sep 2019 06:10:31 GMT" time="0.093" errors="0">
  <testcase name="test1" time="0.015" classname="BasicAnnotation.M1.Scenario1"/>
  <testcase name="test2" time="0.016" classname="BasicAnnotation.M1.Scenario1"/>
  <testcase name="test3" time="0.0" classname="BasicAnnotation.M1.Scenario1"/>
  <testcase name="test1" time="0.0" classname="BasicAnnotation.M1.Scenario2"/>
  <testcase name="test2" time="0.0" classname="BasicAnnotation.M1.Scenario2"/>
  <testcase name="test3" time="0.0" classname="BasicAnnotation.M1.Scenario2"/>
</testsuite> <!-- Module 1 -->
