<?xml version="1.0" encoding="UTF-8"?>
<!-- Generated by org.testng.reporters.JUnitXMLReporter -->
<testsuite hostname="Dell-PC" ignored="0" name="Module 3" tests="6" failures="0" timestamp="01 Sep 2019 06:10:31 GMT" time="0.062" errors="0">
  <testcase name="test1" time="0.0" classname="BasicAnnotation.M3.Scenario5"/>
  <testcase name="test2" time="0.015" classname="BasicAnnotation.M3.Scenario5"/>
  <testcase name="test3" time="0.0" classname="BasicAnnotation.M3.Scenario5"/>
  <testcase name="test1" time="0.0" classname="BasicAnnotation.M3.Scenario6"/>
  <testcase name="test2" time="0.016" classname="BasicAnnotation.M3.Scenario6"/>
  <testcase name="test3" time="0.0" classname="BasicAnnotation.M3.Scenario6"/>
</testsuite> <!-- Module 3 -->
