<?xml version="1.0" encoding="UTF-8"?>
<!-- Generated by org.testng.reporters.JUnitXMLReporter -->
<testsuite hostname="Dell-PC" ignored="0" name="Test" tests="6" failures="0" timestamp="01 Sep 2019 05:41:41 GMT" time="0.219" errors="0">
  <testcase name="test1" time="0.0" classname="BasicAnnotation.M1.Scenario1"/>
  <testcase name="test2" time="0.0" classname="BasicAnnotation.M1.Scenario1"/>
  <testcase name="test3" time="0.0" classname="BasicAnnotation.M1.Scenario1"/>
  <testcase name="test1" time="0.0" classname="BasicAnnotation.M1.Scenario2"/>
  <testcase name="test2" time="0.0" classname="BasicAnnotation.M1.Scenario2"/>
  <testcase name="test3" time="0.0" classname="BasicAnnotation.M1.Scenario2"/>
</testsuite> <!-- Test -->
