<?xml version="1.0" encoding="UTF-8"?>
<testng-results skipped="0" failed="0" ignored="0" total="1" passed="1">
  <reporter-output>
  </reporter-output>
  <suite name="Default suite" duration-ms="15344" started-at="2019-09-15T06:52:54Z" finished-at="2019-09-15T06:53:09Z">
    <groups>
    </groups>
    <test name="Default test" duration-ms="15344" started-at="2019-09-15T06:52:54Z" finished-at="2019-09-15T06:53:09Z">
      <class name="testScript.TC_MercuryTours_Login">
        <test-method status="PASS" signature="initialize()[pri:0, instance:testScript.TC_MercuryTours_Login@2a2d45ba]" name="initialize" is-config="true" duration-ms="6594" started-at="2019-09-15T06:52:54Z" finished-at="2019-09-15T06:53:01Z">
          <reporter-output>
          </reporter-output>
        </test-method> <!-- initialize -->
        <test-method status="PASS" signature="Script1()[pri:0, instance:testScript.TC_MercuryTours_Login@2a2d45ba]" name="Script1" duration-ms="8100" started-at="2019-09-15T06:53:01Z" finished-at="2019-09-15T06:53:09Z">
          <reporter-output>
          </reporter-output>
        </test-method> <!-- Script1 -->
        <test-method status="PASS" signature="tearDown()[pri:0, instance:testScript.TC_MercuryTours_Login@2a2d45ba]" name="tearDown" is-config="true" duration-ms="622" started-at="2019-09-15T06:53:09Z" finished-at="2019-09-15T06:53:09Z">
          <reporter-output>
          </reporter-output>
        </test-method> <!-- tearDown -->
      </class> <!-- testScript.TC_MercuryTours_Login -->
    </test> <!-- Default test -->
  </suite> <!-- Default suite -->
</testng-results>
