<?xml version="1.0" encoding="UTF-8"?>
<testng-results skipped="0" failed="0" ignored="0" total="1" passed="1">
  <reporter-output>
  </reporter-output>
  <suite name="Default suite" duration-ms="23612" started-at="2019-11-09T11:15:16Z" finished-at="2019-11-09T11:15:39Z">
    <groups>
    </groups>
    <test name="Default test" duration-ms="23612" started-at="2019-11-09T11:15:16Z" finished-at="2019-11-09T11:15:39Z">
      <class name="BasicSelenium.SeleniumClass2">
        <test-method status="PASS" signature="test1()[pri:0, instance:BasicSelenium.SeleniumClass2@51081592]" name="test1" duration-ms="23557" started-at="2019-11-09T11:15:16Z" finished-at="2019-11-09T11:15:39Z">
          <reporter-output>
          </reporter-output>
        </test-method> <!-- test1 -->
      </class> <!-- BasicSelenium.SeleniumClass2 -->
    </test> <!-- Default test -->
  </suite> <!-- Default suite -->
</testng-results>
